<?xml version="1.0" encoding="UTF-8"?>
<robot generator="Robot 7.0.1 (Python 3.12.5 on win32)" generated="2024-08-24T14:39:14.857902" rpa="false" schemaversion="5">
<suite id="s1" name="Login" source="D:\testwebsaucedemo\login.robot">
<test id="s1-t1" name="Open Browser To Page Login" line="5">
<kw name="Open Browser" owner="SeleniumLibrary">
<msg time="2024-08-24T14:39:15.171282" level="INFO">Opening browser 'chrome' to base url 'http://www.automationpractice.pl/index.php?controller=authentication&amp;back=my-account'.</msg>
<arg>http://www.automationpractice.pl/index.php?controller=authentication&amp;back=my-account</arg>
<arg>chrome</arg>
<doc>Opens a new browser instance to the optional ``url``.</doc>
<status status="PASS" start="2024-08-24T14:39:15.171282" elapsed="8.777081"/>
</kw>
<kw name="Maximize Browser Window" owner="SeleniumLibrary">
<doc>Maximizes current browser window.</doc>
<status status="PASS" start="2024-08-24T14:39:23.948363" elapsed="0.040727"/>
</kw>
<kw name="Sleep" owner="BuiltIn">
<msg time="2024-08-24T14:39:33.990601" level="INFO">Slept 10 seconds.</msg>
<arg>10</arg>
<doc>Pauses the test executed for the given time.</doc>
<status status="PASS" start="2024-08-24T14:39:23.990087" elapsed="10.000514"/>
</kw>
<kw name="Input Text" owner="SeleniumLibrary">
<msg time="2024-08-24T14:39:33.990601" level="INFO">Typing text 'bolangwijaya82@gmail.com' into text field '//*[@id="email"]'.</msg>
<arg>//*[@id="email"]</arg>
<arg>bolangwijaya82@gmail.com</arg>
<doc>Types the given ``text`` into the text field identified by ``locator``.</doc>
<status status="PASS" start="2024-08-24T14:39:33.990601" elapsed="0.167383"/>
</kw>
<kw name="Input Password" owner="SeleniumLibrary">
<msg time="2024-08-24T14:39:34.157984" level="INFO">Typing password into text field '//*[@id="passwd"]'.</msg>
<msg time="2024-08-24T14:39:34.205542" level="INFO">Temporally setting log level to: NONE</msg>
<arg>//*[@id="passwd"]</arg>
<arg>12345</arg>
<doc>Types the given password into the text field identified by ``locator``.</doc>
<status status="PASS" start="2024-08-24T14:39:34.157984" elapsed="0.107245"/>
</kw>
<kw name="Click Element" owner="SeleniumLibrary">
<msg time="2024-08-24T14:39:34.266237" level="INFO">Clicking element 'css=#SubmitLogin &gt; span'.</msg>
<arg>css=#SubmitLogin &gt; span</arg>
<doc>Click the element identified by ``locator``.</doc>
<status status="PASS" start="2024-08-24T14:39:34.266237" elapsed="2.303320"/>
</kw>
<kw name="Capture Page Screenshot" owner="SeleniumLibrary">
<msg time="2024-08-24T14:39:36.732615" level="INFO" html="true">&lt;/td&gt;&lt;/tr&gt;&lt;tr&gt;&lt;td colspan="3"&gt;&lt;a href="selenium-screenshot-2.png"&gt;&lt;img src="selenium-screenshot-2.png" width="800px"&gt;&lt;/a&gt;</msg>
<doc>Takes a screenshot of the current page and embeds it into a log file.</doc>
<status status="PASS" start="2024-08-24T14:39:36.570558" elapsed="0.162057"/>
</kw>
<status status="PASS" start="2024-08-24T14:39:15.171282" elapsed="21.561333"/>
</test>
<status status="PASS" start="2024-08-24T14:39:14.857902" elapsed="21.874713"/>
</suite>
<statistics>
<total>
<stat pass="1" fail="0" skip="0">All Tests</stat>
</total>
<tag>
</tag>
<suite>
<stat pass="1" fail="0" skip="0" id="s1" name="Login">Login</stat>
</suite>
</statistics>
<errors>
</errors>
</robot>
